2023-12-09 21:44:53,970 INFO [main] o.w.t.s.w.s.MainLauncher [MainLauncher.kt:44] Detected os: Linux
2023-12-09 21:44:53,972 INFO [main] o.w.t.s.w.s.MainLauncher [MainLauncher.kt:50] needsReExecing: false
2023-12-09 21:44:55,872 INFO [main] d.s.SystemTray [SystemTray.java:797] Successfully loaded
2023-12-09 21:44:55,878 WARN [main] d.s.SystemTray [MenuItem.java:465] Please disable tooltips, as they are not consistent across all platforms and tray types.
2023-12-09 21:44:56,069 INFO [main] Application [ApplicationEngineEnvironmentReloading.kt:146] Autoreload is disabled because the development mode is off.
2023-12-09 21:44:56,419 INFO [main] Application [BaseApplicationEngine.kt:52] Responding at http://0.0.0.0:2014
2023-12-09 21:44:56,420 INFO [main] Application [BaseApplicationEngine.kt:59] Application started in 0.359 seconds.
2023-12-09 21:44:56,554 INFO [main] o.w.t.s.w.WebscramblesServer [WebscramblesServer.kt:126] TNoodle-WCA-1.1.2 started
2023-12-09 21:44:56,557 INFO [main] o.w.t.s.w.s.OfflineJarUtils [OfflineJarUtils.kt:23] Attempting to open http://localhost:2014 in browser.
2023-12-09 21:45:29,448 INFO [eventLoopGroupProxy-3-1] c.t.Search [Search.java:85] Initialize Center1 Solver...
2023-12-09 21:45:29,636 INFO [eventLoopGroupProxy-3-1] c.t.Center1 [Center1.java:94] Create Phase1 Center Move Table...
2023-12-09 21:45:29,733 INFO [eventLoopGroupProxy-3-1] c.t.Search [Search.java:94] Initialize Center2 Solver...
2023-12-09 21:45:29,897 INFO [eventLoopGroupProxy-3-1] c.t.Search [Search.java:98] Initialize Center3 Solver...
2023-12-09 21:45:30,024 INFO [eventLoopGroupProxy-3-1] c.t.Search [Search.java:102] Initialize Edge3 Solver...
2023-12-09 21:45:30,064 DEBUG [eventLoopGroupProxy-3-1] c.t.Edge3 [Edge3.java:235] 1	4
2023-12-09 21:45:30,086 DEBUG [eventLoopGroupProxy-3-1] c.t.Edge3 [Edge3.java:235] 2	16
2023-12-09 21:45:30,099 DEBUG [eventLoopGroupProxy-3-1] c.t.Edge3 [Edge3.java:235] 3	55
2023-12-09 21:45:30,127 DEBUG [eventLoopGroupProxy-3-1] c.t.Edge3 [Edge3.java:235] 4	324
2023-12-09 21:45:30,141 DEBUG [eventLoopGroupProxy-3-1] c.t.Edge3 [Edge3.java:235] 5	1922
2023-12-09 21:45:30,160 DEBUG [eventLoopGroupProxy-3-1] c.t.Edge3 [Edge3.java:235] 6	12275
2023-12-09 21:45:30,191 DEBUG [eventLoopGroupProxy-3-1] c.t.Edge3 [Edge3.java:235] 7	77640
2023-12-09 21:45:30,325 DEBUG [eventLoopGroupProxy-3-1] c.t.Edge3 [Edge3.java:235] 8	485359
2023-12-09 21:45:31,061 DEBUG [eventLoopGroupProxy-3-1] c.t.Edge3 [Edge3.java:235] 9	2778197
2023-12-09 21:45:31,061 INFO [eventLoopGroupProxy-3-1] c.t.Search [Search.java:108] OK
2023-12-09 21:45:38,645 DEBUG [eventLoopGroupProxy-3-3] c.s.Shape [Shape.java:174] 3678
2023-12-09 21:45:38,653 DEBUG [eventLoopGroupProxy-3-3] c.s.Shape [Shape.java:103]  0     4
2023-12-09 21:45:38,653 DEBUG [eventLoopGroupProxy-3-3] c.s.Shape [Shape.java:103]  1     6
2023-12-09 21:45:38,653 DEBUG [eventLoopGroupProxy-3-3] c.s.Shape [Shape.java:103]  2    16
2023-12-09 21:45:38,654 DEBUG [eventLoopGroupProxy-3-3] c.s.Shape [Shape.java:103]  3    28
2023-12-09 21:45:38,654 DEBUG [eventLoopGroupProxy-3-3] c.s.Shape [Shape.java:103]  4    86
2023-12-09 21:45:38,654 DEBUG [eventLoopGroupProxy-3-3] c.s.Shape [Shape.java:103]  5   128
2023-12-09 21:45:38,654 DEBUG [eventLoopGroupProxy-3-3] c.s.Shape [Shape.java:103]  6   188
2023-12-09 21:45:38,655 DEBUG [eventLoopGroupProxy-3-3] c.s.Shape [Shape.java:103]  7   318
2023-12-09 21:45:38,655 DEBUG [eventLoopGroupProxy-3-3] c.s.Shape [Shape.java:103]  8   564
2023-12-09 21:45:38,655 DEBUG [eventLoopGroupProxy-3-3] c.s.Shape [Shape.java:103]  9  1168
2023-12-09 21:45:38,656 DEBUG [eventLoopGroupProxy-3-3] c.s.Shape [Shape.java:103] 10  2408
2023-12-09 21:45:38,656 DEBUG [eventLoopGroupProxy-3-3] c.s.Shape [Shape.java:103] 11  4116
2023-12-09 21:45:38,657 DEBUG [eventLoopGroupProxy-3-3] c.s.Shape [Shape.java:103] 12  5988
2023-12-09 21:45:38,657 DEBUG [eventLoopGroupProxy-3-3] c.s.Shape [Shape.java:103] 13  6887
2023-12-09 21:45:38,657 DEBUG [eventLoopGroupProxy-3-3] c.s.Shape [Shape.java:103] 14  7298
2023-12-09 21:45:38,657 DEBUG [eventLoopGroupProxy-3-3] c.s.Shape [Shape.java:103] 15  7348
2023-12-09 21:45:38,657 DEBUG [eventLoopGroupProxy-3-3] c.s.Shape [Shape.java:103] 16  7352
2023-12-09 21:45:38,674 DEBUG [eventLoopGroupProxy-3-3] c.s.Shape [Shape.java:103] 17  7354
2023-12-09 21:45:38,675 DEBUG [eventLoopGroupProxy-3-3] c.s.Shape [Shape.java:103] 18  7356
2023-12-09 21:45:38,675 DEBUG [eventLoopGroupProxy-3-3] c.s.Shape [Shape.java:103]  0     1
2023-12-09 21:45:38,675 DEBUG [eventLoopGroupProxy-3-3] c.s.Shape [Shape.java:103]  1     5
2023-12-09 21:45:38,675 DEBUG [eventLoopGroupProxy-3-3] c.s.Shape [Shape.java:103]  2    20
2023-12-09 21:45:38,675 DEBUG [eventLoopGroupProxy-3-3] c.s.Shape [Shape.java:103]  3    30
2023-12-09 21:45:38,675 DEBUG [eventLoopGroupProxy-3-3] c.s.Shape [Shape.java:103]  4   108
2023-12-09 21:45:38,676 DEBUG [eventLoopGroupProxy-3-3] c.s.Shape [Shape.java:103]  5   150
2023-12-09 21:45:38,676 DEBUG [eventLoopGroupProxy-3-3] c.s.Shape [Shape.java:103]  6   348
2023-12-09 21:45:38,676 DEBUG [eventLoopGroupProxy-3-3] c.s.Shape [Shape.java:103]  7   512
2023-12-09 21:45:38,676 DEBUG [eventLoopGroupProxy-3-3] c.s.Shape [Shape.java:103]  8  2120
2023-12-09 21:45:38,677 DEBUG [eventLoopGroupProxy-3-3] c.s.Shape [Shape.java:103]  9  2962
2023-12-09 21:45:38,677 DEBUG [eventLoopGroupProxy-3-3] c.s.Shape [Shape.java:103] 10  5920
2023-12-09 21:45:38,678 DEBUG [eventLoopGroupProxy-3-3] c.s.Shape [Shape.java:103] 11  6570
2023-12-09 21:45:38,678 DEBUG [eventLoopGroupProxy-3-3] c.s.Shape [Shape.java:103] 12  7320
2023-12-09 21:45:38,678 DEBUG [eventLoopGroupProxy-3-3] c.s.Shape [Shape.java:103] 13  7338
2023-12-09 21:45:38,678 DEBUG [eventLoopGroupProxy-3-3] c.s.Shape [Shape.java:103] 14  7356
2023-12-09 21:45:38,718 DEBUG [eventLoopGroupProxy-3-3] c.s.Square [Square.java:146]  1     8
2023-12-09 21:45:38,719 DEBUG [eventLoopGroupProxy-3-3] c.s.Square [Square.java:146]  2    29
2023-12-09 21:45:38,720 DEBUG [eventLoopGroupProxy-3-3] c.s.Square [Square.java:146]  3    89
2023-12-09 21:45:38,720 DEBUG [eventLoopGroupProxy-3-3] c.s.Square [Square.java:146]  4   278
2023-12-09 21:45:38,721 DEBUG [eventLoopGroupProxy-3-3] c.s.Square [Square.java:146]  5   803
2023-12-09 21:45:38,721 DEBUG [eventLoopGroupProxy-3-3] c.s.Square [Square.java:146]  6  2000
2023-12-09 21:45:38,722 DEBUG [eventLoopGroupProxy-3-3] c.s.Square [Square.java:146]  7  4420
2023-12-09 21:45:38,722 DEBUG [eventLoopGroupProxy-3-3] c.s.Square [Square.java:146]  8  9196
2023-12-09 21:45:38,723 DEBUG [eventLoopGroupProxy-3-3] c.s.Square [Square.java:146]  9 16868
2023-12-09 21:45:38,740 DEBUG [eventLoopGroupProxy-3-3] c.s.Square [Square.java:146] 10 28800
2023-12-09 21:45:38,741 DEBUG [eventLoopGroupProxy-3-3] c.s.Square [Square.java:146] 11 43150
2023-12-09 21:45:38,746 DEBUG [eventLoopGroupProxy-3-3] c.s.Square [Square.java:146] 12 58394
2023-12-09 21:45:38,753 DEBUG [eventLoopGroupProxy-3-3] c.s.Square [Square.java:146] 13 72518
2023-12-09 21:45:38,754 DEBUG [eventLoopGroupProxy-3-3] c.s.Square [Square.java:146] 14 79308
2023-12-09 21:45:38,757 DEBUG [eventLoopGroupProxy-3-3] c.s.Square [Square.java:146] 15 80616
2023-12-09 21:45:38,758 DEBUG [eventLoopGroupProxy-3-3] c.s.Square [Square.java:146] 16 80640
2023-12-09 21:45:46,456 WARN [eventLoopGroupProxy-3-3] o.w.t.s.w.z.f.PrintingFolder [PrintingFolder.kt:99] Skipping OrderedScrambles because there are unmatched activities: []
2023-12-09 22:53:11,915 INFO [main] o.w.t.s.w.s.MainLauncher [MainLauncher.kt:44] Detected os: Linux
2023-12-09 22:53:11,917 INFO [main] o.w.t.s.w.s.MainLauncher [MainLauncher.kt:50] needsReExecing: false
2023-12-09 22:53:13,656 INFO [main] d.s.SystemTray [SystemTray.java:797] Successfully loaded
2023-12-09 22:53:13,659 WARN [main] d.s.SystemTray [MenuItem.java:465] Please disable tooltips, as they are not consistent across all platforms and tray types.
2023-12-09 22:53:13,737 INFO [main] Application [ApplicationEngineEnvironmentReloading.kt:146] Autoreload is disabled because the development mode is off.
2023-12-09 22:53:14,017 INFO [main] Application [BaseApplicationEngine.kt:52] Responding at http://0.0.0.0:2014
2023-12-09 22:53:14,017 INFO [main] Application [BaseApplicationEngine.kt:59] Application started in 0.285 seconds.
2023-12-09 22:53:14,117 INFO [main] o.w.t.s.w.WebscramblesServer [WebscramblesServer.kt:126] TNoodle-WCA-1.1.2 started
2023-12-09 22:53:14,175 INFO [main] o.w.t.s.w.s.OfflineJarUtils [OfflineJarUtils.kt:23] Attempting to open http://localhost:2014 in browser.
